{"C:\\Users\\Python\\Desktop\\Backend-develop\\node-quotes-api\\controllers\\authorController.js": {"path":"C:\\Users\\Python\\Desktop\\Backend-develop\\node-quotes-api\\controllers\\authorController.js","statementMap":{"0":{"start":{"line":1,"column":25},"end":{"line":1,"column":50}},"1":{"start":{"line":2,"column":24},"end":{"line":2,"column":52}},"2":{"start":{"line":5,"column":15},"end":{"line":5,"column":33}},"3":{"start":{"line":8,"column":0},"end":{"line":22,"column":2}},"4":{"start":{"line":9,"column":2},"end":{"line":21,"column":3}},"5":{"start":{"line":10,"column":20},"end":{"line":10,"column":50}},"6":{"start":{"line":12,"column":4},"end":{"line":16,"column":5}},"7":{"start":{"line":13,"column":6},"end":{"line":15,"column":47}},"8":{"start":{"line":18,"column":4},"end":{"line":18,"column":45}},"9":{"start":{"line":20,"column":4},"end":{"line":20,"column":70}},"10":{"start":{"line":25,"column":0},"end":{"line":41,"column":2}},"11":{"start":{"line":26,"column":2},"end":{"line":40,"column":3}},"12":{"start":{"line":27,"column":19},"end":{"line":29,"column":6}},"13":{"start":{"line":31,"column":4},"end":{"line":33,"column":5}},"14":{"start":{"line":32,"column":6},"end":{"line":32,"column":67}},"15":{"start":{"line":35,"column":4},"end":{"line":35,"column":33}},"16":{"start":{"line":37,"column":4},"end":{"line":39,"column":76}},"17":{"start":{"line":44,"column":0},"end":{"line":65,"column":2}},"18":{"start":{"line":45,"column":2},"end":{"line":64,"column":3}},"19":{"start":{"line":47,"column":22},"end":{"line":52,"column":6}},"20":{"start":{"line":55,"column":4},"end":{"line":55,"column":36}},"21":{"start":{"line":58,"column":4},"end":{"line":63,"column":9}},"22":{"start":{"line":68,"column":0},"end":{"line":90,"column":4}},"23":{"start":{"line":69,"column":4},"end":{"line":89,"column":5}},"24":{"start":{"line":70,"column":21},"end":{"line":70,"column":31}},"25":{"start":{"line":73,"column":28},"end":{"line":79,"column":8}},"26":{"start":{"line":82,"column":6},"end":{"line":82,"column":42}},"27":{"start":{"line":84,"column":6},"end":{"line":86,"column":7}},"28":{"start":{"line":85,"column":8},"end":{"line":85,"column":69}},"29":{"start":{"line":88,"column":6},"end":{"line":88,"column":93}},"30":{"start":{"line":93,"column":0},"end":{"line":111,"column":4}},"31":{"start":{"line":94,"column":4},"end":{"line":110,"column":5}},"32":{"start":{"line":95,"column":21},"end":{"line":95,"column":31}},"33":{"start":{"line":98,"column":6},"end":{"line":100,"column":9}},"34":{"start":{"line":103,"column":6},"end":{"line":103,"column":29}},"35":{"start":{"line":105,"column":6},"end":{"line":107,"column":7}},"36":{"start":{"line":106,"column":8},"end":{"line":106,"column":69}},"37":{"start":{"line":109,"column":6},"end":{"line":109,"column":93}}},"fnMap":{"0":{"name":"(anonymous_0)","decl":{"start":{"line":8,"column":24},"end":{"line":8,"column":25}},"loc":{"start":{"line":8,"column":44},"end":{"line":22,"column":1}},"line":8},"1":{"name":"(anonymous_1)","decl":{"start":{"line":25,"column":24},"end":{"line":25,"column":25}},"loc":{"start":{"line":25,"column":44},"end":{"line":41,"column":1}},"line":25},"2":{"name":"(anonymous_2)","decl":{"start":{"line":44,"column":23},"end":{"line":44,"column":24}},"loc":{"start":{"line":44,"column":43},"end":{"line":65,"column":1}},"line":44},"3":{"name":"(anonymous_3)","decl":{"start":{"line":68,"column":23},"end":{"line":68,"column":24}},"loc":{"start":{"line":68,"column":43},"end":{"line":90,"column":3}},"line":68},"4":{"name":"(anonymous_4)","decl":{"start":{"line":93,"column":23},"end":{"line":93,"column":24}},"loc":{"start":{"line":93,"column":43},"end":{"line":111,"column":3}},"line":93}},"branchMap":{"0":{"loc":{"start":{"line":12,"column":4},"end":{"line":16,"column":5}},"type":"if","locations":[{"start":{"line":12,"column":4},"end":{"line":16,"column":5}},{"start":{},"end":{}}],"line":12},"1":{"loc":{"start":{"line":31,"column":4},"end":{"line":33,"column":5}},"type":"if","locations":[{"start":{"line":31,"column":4},"end":{"line":33,"column":5}},{"start":{},"end":{}}],"line":31},"2":{"loc":{"start":{"line":84,"column":6},"end":{"line":86,"column":7}},"type":"if","locations":[{"start":{"line":84,"column":6},"end":{"line":86,"column":7}},{"start":{},"end":{}}],"line":84},"3":{"loc":{"start":{"line":105,"column":6},"end":{"line":107,"column":7}},"type":"if","locations":[{"start":{"line":105,"column":6},"end":{"line":107,"column":7}},{"start":{},"end":{}}],"line":105}},"s":{"0":1,"1":1,"2":1,"3":1,"4":0,"5":0,"6":0,"7":0,"8":0,"9":0,"10":1,"11":0,"12":0,"13":0,"14":0,"15":0,"16":0,"17":1,"18":0,"19":0,"20":0,"21":0,"22":1,"23":0,"24":0,"25":0,"26":0,"27":0,"28":0,"29":0,"30":1,"31":0,"32":0,"33":0,"34":0,"35":0,"36":0,"37":0},"f":{"0":0,"1":0,"2":0,"3":0,"4":0},"b":{"0":[0,0],"1":[0,0],"2":[0,0],"3":[0,0]},"_coverageSchema":"1a1c01bbd47fc00a2c39e90264f33305004495a9","hash":"d2afb11bba9dafeec5058fceb3a5c980e9a16641"}
,"C:\\Users\\Python\\Desktop\\Backend-develop\\node-quotes-api\\controllers\\quoteController.js": {"path":"C:\\Users\\Python\\Desktop\\Backend-develop\\node-quotes-api\\controllers\\quoteController.js","statementMap":{"0":{"start":{"line":1,"column":25},"end":{"line":1,"column":50}},"1":{"start":{"line":3,"column":24},"end":{"line":3,"column":52}},"2":{"start":{"line":5,"column":15},"end":{"line":5,"column":33}},"3":{"start":{"line":9,"column":0},"end":{"line":23,"column":4}},"4":{"start":{"line":10,"column":4},"end":{"line":22,"column":5}},"5":{"start":{"line":11,"column":21},"end":{"line":11,"column":50}},"6":{"start":{"line":13,"column":6},"end":{"line":17,"column":7}},"7":{"start":{"line":14,"column":8},"end":{"line":16,"column":48}},"8":{"start":{"line":19,"column":6},"end":{"line":19,"column":46}},"9":{"start":{"line":21,"column":6},"end":{"line":21,"column":72}},"10":{"start":{"line":26,"column":0},"end":{"line":42,"column":4}},"11":{"start":{"line":27,"column":4},"end":{"line":41,"column":5}},"12":{"start":{"line":28,"column":20},"end":{"line":30,"column":8}},"13":{"start":{"line":32,"column":6},"end":{"line":34,"column":7}},"14":{"start":{"line":33,"column":8},"end":{"line":33,"column":68}},"15":{"start":{"line":36,"column":6},"end":{"line":36,"column":34}},"16":{"start":{"line":38,"column":6},"end":{"line":40,"column":78}},"17":{"start":{"line":45,"column":0},"end":{"line":83,"column":2}},"18":{"start":{"line":46,"column":2},"end":{"line":82,"column":3}},"19":{"start":{"line":47,"column":62},"end":{"line":47,"column":70}},"20":{"start":{"line":50,"column":4},"end":{"line":52,"column":5}},"21":{"start":{"line":51,"column":6},"end":{"line":51,"column":74}},"22":{"start":{"line":55,"column":27},"end":{"line":55,"column":72}},"23":{"start":{"line":58,"column":17},"end":{"line":65,"column":5}},"24":{"start":{"line":68,"column":21},"end":{"line":71,"column":6}},"25":{"start":{"line":74,"column":4},"end":{"line":74,"column":35}},"26":{"start":{"line":77,"column":4},"end":{"line":77,"column":57}},"27":{"start":{"line":78,"column":4},"end":{"line":81,"column":7}},"28":{"start":{"line":90,"column":0},"end":{"line":138,"column":2}},"29":{"start":{"line":91,"column":2},"end":{"line":137,"column":3}},"30":{"start":{"line":92,"column":19},"end":{"line":92,"column":29}},"31":{"start":{"line":93,"column":62},"end":{"line":93,"column":70}},"32":{"start":{"line":96,"column":20},"end":{"line":96,"column":36}},"33":{"start":{"line":99,"column":27},"end":{"line":99,"column":29}},"34":{"start":{"line":100,"column":4},"end":{"line":113,"column":5}},"35":{"start":{"line":102,"column":6},"end":{"line":104,"column":8}},"36":{"start":{"line":105,"column":11},"end":{"line":113,"column":5}},"37":{"start":{"line":107,"column":6},"end":{"line":112,"column":8}},"38":{"start":{"line":116,"column":25},"end":{"line":127,"column":6}},"39":{"start":{"line":130,"column":4},"end":{"line":130,"column":39}},"40":{"start":{"line":132,"column":4},"end":{"line":132,"column":56}},"41":{"start":{"line":133,"column":4},"end":{"line":136,"column":7}},"42":{"start":{"line":143,"column":0},"end":{"line":161,"column":4}},"43":{"start":{"line":144,"column":4},"end":{"line":160,"column":5}},"44":{"start":{"line":145,"column":21},"end":{"line":145,"column":31}},"45":{"start":{"line":148,"column":27},"end":{"line":150,"column":8}},"46":{"start":{"line":153,"column":6},"end":{"line":153,"column":84}},"47":{"start":{"line":156,"column":6},"end":{"line":159,"column":9}}},"fnMap":{"0":{"name":"(anonymous_0)","decl":{"start":{"line":9,"column":23},"end":{"line":9,"column":24}},"loc":{"start":{"line":9,"column":43},"end":{"line":23,"column":3}},"line":9},"1":{"name":"(anonymous_1)","decl":{"start":{"line":26,"column":23},"end":{"line":26,"column":24}},"loc":{"start":{"line":26,"column":43},"end":{"line":42,"column":3}},"line":26},"2":{"name":"(anonymous_2)","decl":{"start":{"line":45,"column":22},"end":{"line":45,"column":23}},"loc":{"start":{"line":45,"column":42},"end":{"line":83,"column":1}},"line":45},"3":{"name":"(anonymous_3)","decl":{"start":{"line":90,"column":22},"end":{"line":90,"column":23}},"loc":{"start":{"line":90,"column":42},"end":{"line":138,"column":1}},"line":90},"4":{"name":"(anonymous_4)","decl":{"start":{"line":143,"column":22},"end":{"line":143,"column":23}},"loc":{"start":{"line":143,"column":42},"end":{"line":161,"column":3}},"line":143}},"branchMap":{"0":{"loc":{"start":{"line":13,"column":6},"end":{"line":17,"column":7}},"type":"if","locations":[{"start":{"line":13,"column":6},"end":{"line":17,"column":7}},{"start":{},"end":{}}],"line":13},"1":{"loc":{"start":{"line":32,"column":6},"end":{"line":34,"column":7}},"type":"if","locations":[{"start":{"line":32,"column":6},"end":{"line":34,"column":7}},{"start":{},"end":{}}],"line":32},"2":{"loc":{"start":{"line":50,"column":4},"end":{"line":52,"column":5}},"type":"if","locations":[{"start":{"line":50,"column":4},"end":{"line":52,"column":5}},{"start":{},"end":{}}],"line":50},"3":{"loc":{"start":{"line":50,"column":8},"end":{"line":50,"column":46}},"type":"binary-expr","locations":[{"start":{"line":50,"column":8},"end":{"line":50,"column":13}},{"start":{"line":50,"column":17},"end":{"line":50,"column":22}},{"start":{"line":50,"column":27},"end":{"line":50,"column":32}},{"start":{"line":50,"column":36},"end":{"line":50,"column":45}}],"line":50},"4":{"loc":{"start":{"line":55,"column":27},"end":{"line":55,"column":72}},"type":"cond-expr","locations":[{"start":{"line":55,"column":38},"end":{"line":55,"column":60}},{"start":{"line":55,"column":63},"end":{"line":55,"column":72}}],"line":55},"5":{"loc":{"start":{"line":62,"column":14},"end":{"line":64,"column":77}},"type":"cond-expr","locations":[{"start":{"line":63,"column":10},"end":{"line":63,"column":45}},{"start":{"line":64,"column":10},"end":{"line":64,"column":77}}],"line":62},"6":{"loc":{"start":{"line":100,"column":4},"end":{"line":113,"column":5}},"type":"if","locations":[{"start":{"line":100,"column":4},"end":{"line":113,"column":5}},{"start":{"line":105,"column":11},"end":{"line":113,"column":5}}],"line":100},"7":{"loc":{"start":{"line":105,"column":11},"end":{"line":113,"column":5}},"type":"if","locations":[{"start":{"line":105,"column":11},"end":{"line":113,"column":5}},{"start":{},"end":{}}],"line":105},"8":{"loc":{"start":{"line":105,"column":15},"end":{"line":105,"column":30}},"type":"binary-expr","locations":[{"start":{"line":105,"column":15},"end":{"line":105,"column":19}},{"start":{"line":105,"column":23},"end":{"line":105,"column":30}}],"line":105},"9":{"loc":{"start":{"line":122,"column":16},"end":{"line":122,"column":87}},"type":"cond-expr","locations":[{"start":{"line":122,"column":59},"end":{"line":122,"column":75}},{"start":{"line":122,"column":78},"end":{"line":122,"column":87}}],"line":122}},"s":{"0":1,"1":1,"2":1,"3":1,"4":1,"5":1,"6":1,"7":0,"8":1,"9":0,"10":1,"11":1,"12":1,"13":1,"14":1,"15":0,"16":0,"17":1,"18":1,"19":1,"20":1,"21":0,"22":1,"23":1,"24":1,"25":1,"26":0,"27":0,"28":1,"29":1,"30":1,"31":1,"32":1,"33":1,"34":1,"35":0,"36":1,"37":0,"38":1,"39":1,"40":0,"41":0,"42":1,"43":1,"44":1,"45":1,"46":1,"47":0},"f":{"0":1,"1":1,"2":1,"3":1,"4":1},"b":{"0":[0,1],"1":[1,0],"2":[0,1],"3":[1,1,1,0],"4":[0,1],"5":[0,1],"6":[0,1],"7":[0,1],"8":[1,0],"9":[0,1]},"_coverageSchema":"1a1c01bbd47fc00a2c39e90264f33305004495a9","hash":"d5ca01a7888e7c69638f585c77e21aacaa26ba09"}
,"C:\\Users\\Python\\Desktop\\Backend-develop\\node-quotes-api\\controllers\\userController.js": {"path":"C:\\Users\\Python\\Desktop\\Backend-develop\\node-quotes-api\\controllers\\userController.js","statementMap":{"0":{"start":{"line":1,"column":25},"end":{"line":1,"column":50}},"1":{"start":{"line":2,"column":15},"end":{"line":2,"column":33}},"2":{"start":{"line":3,"column":24},"end":{"line":3,"column":52}},"3":{"start":{"line":4,"column":12},"end":{"line":4,"column":35}},"4":{"start":{"line":5,"column":15},"end":{"line":5,"column":32}},"5":{"start":{"line":6,"column":0},"end":{"line":6,"column":25}},"6":{"start":{"line":8,"column":17},"end":{"line":17,"column":1}},"7":{"start":{"line":9,"column":2},"end":{"line":16,"column":3}},"8":{"start":{"line":10,"column":18},"end":{"line":10,"column":46}},"9":{"start":{"line":11,"column":4},"end":{"line":11,"column":20}},"10":{"start":{"line":13,"column":4},"end":{"line":15,"column":38}},"11":{"start":{"line":19,"column":15},"end":{"line":48,"column":1}},"12":{"start":{"line":20,"column":2},"end":{"line":47,"column":3}},"13":{"start":{"line":21,"column":48},"end":{"line":21,"column":56}},"14":{"start":{"line":23,"column":25},"end":{"line":30,"column":6}},"15":{"start":{"line":31,"column":4},"end":{"line":38,"column":5}},"16":{"start":{"line":32,"column":6},"end":{"line":34,"column":7}},"17":{"start":{"line":33,"column":8},"end":{"line":33,"column":75}},"18":{"start":{"line":35,"column":6},"end":{"line":37,"column":7}},"19":{"start":{"line":36,"column":8},"end":{"line":36,"column":72}},"20":{"start":{"line":39,"column":27},"end":{"line":39,"column":58}},"21":{"start":{"line":40,"column":20},"end":{"line":42,"column":6}},"22":{"start":{"line":43,"column":4},"end":{"line":43,"column":76}},"23":{"start":{"line":46,"column":4},"end":{"line":46,"column":98}},"24":{"start":{"line":51,"column":19},"end":{"line":84,"column":3}},"25":{"start":{"line":52,"column":4},"end":{"line":83,"column":5}},"26":{"start":{"line":53,"column":37},"end":{"line":53,"column":45}},"27":{"start":{"line":54,"column":19},"end":{"line":54,"column":72}},"28":{"start":{"line":56,"column":6},"end":{"line":78,"column":7}},"29":{"start":{"line":57,"column":22},"end":{"line":61,"column":9}},"30":{"start":{"line":64,"column":8},"end":{"line":73,"column":11}},"31":{"start":{"line":75,"column":8},"end":{"line":77,"column":59}},"32":{"start":{"line":80,"column":6},"end":{"line":82,"column":40}},"33":{"start":{"line":87,"column":0},"end":{"line":87,"column":50}}},"fnMap":{"0":{"name":"(anonymous_0)","decl":{"start":{"line":8,"column":17},"end":{"line":8,"column":18}},"loc":{"start":{"line":8,"column":37},"end":{"line":17,"column":1}},"line":8},"1":{"name":"(anonymous_1)","decl":{"start":{"line":19,"column":15},"end":{"line":19,"column":16}},"loc":{"start":{"line":19,"column":35},"end":{"line":48,"column":1}},"line":19},"2":{"name":"(anonymous_2)","decl":{"start":{"line":51,"column":19},"end":{"line":51,"column":20}},"loc":{"start":{"line":51,"column":39},"end":{"line":84,"column":3}},"line":51}},"branchMap":{"0":{"loc":{"start":{"line":31,"column":4},"end":{"line":38,"column":5}},"type":"if","locations":[{"start":{"line":31,"column":4},"end":{"line":38,"column":5}},{"start":{},"end":{}}],"line":31},"1":{"loc":{"start":{"line":32,"column":6},"end":{"line":34,"column":7}},"type":"if","locations":[{"start":{"line":32,"column":6},"end":{"line":34,"column":7}},{"start":{},"end":{}}],"line":32},"2":{"loc":{"start":{"line":35,"column":6},"end":{"line":37,"column":7}},"type":"if","locations":[{"start":{"line":35,"column":6},"end":{"line":37,"column":7}},{"start":{},"end":{}}],"line":35},"3":{"loc":{"start":{"line":56,"column":6},"end":{"line":78,"column":7}},"type":"if","locations":[{"start":{"line":56,"column":6},"end":{"line":78,"column":7}},{"start":{"line":74,"column":13},"end":{"line":78,"column":7}}],"line":56},"4":{"loc":{"start":{"line":56,"column":10},"end":{"line":56,"column":65}},"type":"binary-expr","locations":[{"start":{"line":56,"column":10},"end":{"line":56,"column":14}},{"start":{"line":56,"column":19},"end":{"line":56,"column":64}}],"line":56}},"s":{"0":1,"1":1,"2":1,"3":1,"4":1,"5":1,"6":1,"7":0,"8":0,"9":0,"10":0,"11":1,"12":0,"13":0,"14":0,"15":0,"16":0,"17":0,"18":0,"19":0,"20":0,"21":0,"22":0,"23":0,"24":1,"25":0,"26":0,"27":0,"28":0,"29":0,"30":0,"31":0,"32":0,"33":1},"f":{"0":0,"1":0,"2":0},"b":{"0":[0,0],"1":[0,0],"2":[0,0],"3":[0,0],"4":[0,0]},"_coverageSchema":"1a1c01bbd47fc00a2c39e90264f33305004495a9","hash":"48a9789810d709b1628b06067dd99c9affb0126b"}
,"C:\\Users\\Python\\Desktop\\Backend-develop\\node-quotes-api\\routes\\authorRoutes.js": {"path":"C:\\Users\\Python\\Desktop\\Backend-develop\\node-quotes-api\\routes\\authorRoutes.js","statementMap":{"0":{"start":{"line":1,"column":16},"end":{"line":1,"column":34}},"1":{"start":{"line":8,"column":4},"end":{"line":8,"column":46}},"2":{"start":{"line":10,"column":15},"end":{"line":10,"column":31}},"3":{"start":{"line":13,"column":0},"end":{"line":13,"column":31}},"4":{"start":{"line":16,"column":0},"end":{"line":16,"column":34}},"5":{"start":{"line":19,"column":0},"end":{"line":19,"column":31}},"6":{"start":{"line":22,"column":0},"end":{"line":22,"column":33}},"7":{"start":{"line":25,"column":0},"end":{"line":25,"column":36}},"8":{"start":{"line":27,"column":0},"end":{"line":27,"column":24}}},"fnMap":{},"branchMap":{},"s":{"0":1,"1":1,"2":1,"3":1,"4":1,"5":1,"6":1,"7":1,"8":1},"f":{},"b":{},"_coverageSchema":"1a1c01bbd47fc00a2c39e90264f33305004495a9","hash":"cc495284f69087b632c68f5c8449a48eaf992f71"}
,"C:\\Users\\Python\\Desktop\\Backend-develop\\node-quotes-api\\routes\\quoteRoutes.js": {"path":"C:\\Users\\Python\\Desktop\\Backend-develop\\node-quotes-api\\routes\\quoteRoutes.js","statementMap":{"0":{"start":{"line":1,"column":16},"end":{"line":1,"column":34}},"1":{"start":{"line":8,"column":4},"end":{"line":8,"column":45}},"2":{"start":{"line":9,"column":15},"end":{"line":9,"column":31}},"3":{"start":{"line":12,"column":0},"end":{"line":12,"column":30}},"4":{"start":{"line":15,"column":0},"end":{"line":15,"column":33}},"5":{"start":{"line":18,"column":0},"end":{"line":18,"column":30}},"6":{"start":{"line":21,"column":0},"end":{"line":21,"column":32}},"7":{"start":{"line":24,"column":0},"end":{"line":24,"column":35}},"8":{"start":{"line":26,"column":0},"end":{"line":26,"column":24}}},"fnMap":{},"branchMap":{},"s":{"0":1,"1":1,"2":1,"3":1,"4":1,"5":1,"6":1,"7":1,"8":1},"f":{},"b":{},"_coverageSchema":"1a1c01bbd47fc00a2c39e90264f33305004495a9","hash":"d2e8655a705570deef044be139018d8c61a41a5a"}
,"C:\\Users\\Python\\Desktop\\Backend-develop\\node-quotes-api\\routes\\usersRouter.js": {"path":"C:\\Users\\Python\\Desktop\\Backend-develop\\node-quotes-api\\routes\\usersRouter.js","statementMap":{"0":{"start":{"line":2,"column":16},"end":{"line":2,"column":34}},"1":{"start":{"line":3,"column":20},"end":{"line":3,"column":36}},"2":{"start":{"line":4,"column":40},"end":{"line":4,"column":80}},"3":{"start":{"line":5,"column":22},"end":{"line":5,"column":56}},"4":{"start":{"line":9,"column":0},"end":{"line":9,"column":46}},"5":{"start":{"line":10,"column":0},"end":{"line":10,"column":39}},"6":{"start":{"line":11,"column":0},"end":{"line":11,"column":36}},"7":{"start":{"line":13,"column":0},"end":{"line":13,"column":29}}},"fnMap":{},"branchMap":{},"s":{"0":1,"1":1,"2":1,"3":1,"4":1,"5":1,"6":1,"7":1},"f":{},"b":{},"_coverageSchema":"1a1c01bbd47fc00a2c39e90264f33305004495a9","hash":"01963edcaf331136e216a9e244d460f09fce2737"}
,"C:\\Users\\Python\\Desktop\\Backend-develop\\node-quotes-api\\utils\\joiQuoteValidator.js": {"path":"C:\\Users\\Python\\Desktop\\Backend-develop\\node-quotes-api\\utils\\joiQuoteValidator.js","statementMap":{"0":{"start":{"line":1,"column":22},"end":{"line":12,"column":1}},"1":{"start":{"line":2,"column":2},"end":{"line":11,"column":4}},"2":{"start":{"line":3,"column":29},"end":{"line":3,"column":54}},"3":{"start":{"line":5,"column":4},"end":{"line":7,"column":5}},"4":{"start":{"line":6,"column":6},"end":{"line":6,"column":71}},"5":{"start":{"line":9,"column":4},"end":{"line":9,"column":30}},"6":{"start":{"line":10,"column":4},"end":{"line":10,"column":11}},"7":{"start":{"line":14,"column":0},"end":{"line":16,"column":2}}},"fnMap":{"0":{"name":"(anonymous_0)","decl":{"start":{"line":1,"column":22},"end":{"line":1,"column":23}},"loc":{"start":{"line":1,"column":34},"end":{"line":12,"column":1}},"line":1},"1":{"name":"(anonymous_1)","decl":{"start":{"line":2,"column":9},"end":{"line":2,"column":10}},"loc":{"start":{"line":2,"column":29},"end":{"line":11,"column":3}},"line":2}},"branchMap":{"0":{"loc":{"start":{"line":5,"column":4},"end":{"line":7,"column":5}},"type":"if","locations":[{"start":{"line":5,"column":4},"end":{"line":7,"column":5}},{"start":{},"end":{}}],"line":5}},"s":{"0":1,"1":2,"2":2,"3":2,"4":1,"5":1,"6":1,"7":1},"f":{"0":2,"1":2},"b":{"0":[1,1]},"_coverageSchema":"1a1c01bbd47fc00a2c39e90264f33305004495a9","hash":"f94c9c83d4d5b401d0e58a63e71868c9833453cb"}
,"C:\\Users\\Python\\Desktop\\Backend-develop\\node-quotes-api\\utils\\joiSchema.js": {"path":"C:\\Users\\Python\\Desktop\\Backend-develop\\node-quotes-api\\utils\\joiSchema.js","statementMap":{"0":{"start":{"line":1,"column":12},"end":{"line":1,"column":26}},"1":{"start":{"line":3,"column":20},"end":{"line":14,"column":2}},"2":{"start":{"line":16,"column":21},"end":{"line":19,"column":2}},"3":{"start":{"line":21,"column":0},"end":{"line":24,"column":2}}},"fnMap":{},"branchMap":{},"s":{"0":1,"1":1,"2":1,"3":1},"f":{},"b":{},"_coverageSchema":"1a1c01bbd47fc00a2c39e90264f33305004495a9","hash":"b4ad0e553bd5b6ae5fb6e7107061ae296b05286b"}
,"C:\\Users\\Python\\Desktop\\Backend-develop\\node-quotes-api\\utils\\tokenValidator.js": {"path":"C:\\Users\\Python\\Desktop\\Backend-develop\\node-quotes-api\\utils\\tokenValidator.js","statementMap":{"0":{"start":{"line":1,"column":24},"end":{"line":1,"column":52}},"1":{"start":{"line":2,"column":12},"end":{"line":2,"column":35}},"2":{"start":{"line":3,"column":0},"end":{"line":3,"column":25}},"3":{"start":{"line":5,"column":22},"end":{"line":23,"column":1}},"4":{"start":{"line":6,"column":21},"end":{"line":6,"column":46}},"5":{"start":{"line":8,"column":2},"end":{"line":12,"column":3}},"6":{"start":{"line":9,"column":4},"end":{"line":11,"column":49}},"7":{"start":{"line":13,"column":18},"end":{"line":13,"column":42}},"8":{"start":{"line":14,"column":4},"end":{"line":22,"column":7}},"9":{"start":{"line":15,"column":8},"end":{"line":19,"column":9}},"10":{"start":{"line":16,"column":8},"end":{"line":18,"column":46}},"11":{"start":{"line":20,"column":8},"end":{"line":20,"column":24}},"12":{"start":{"line":21,"column":8},"end":{"line":21,"column":15}},"13":{"start":{"line":25,"column":0},"end":{"line":25,"column":31}}},"fnMap":{"0":{"name":"(anonymous_0)","decl":{"start":{"line":5,"column":22},"end":{"line":5,"column":23}},"loc":{"start":{"line":5,"column":42},"end":{"line":23,"column":1}},"line":5},"1":{"name":"(anonymous_1)","decl":{"start":{"line":14,"column":46},"end":{"line":14,"column":47}},"loc":{"start":{"line":14,"column":61},"end":{"line":22,"column":5}},"line":14}},"branchMap":{"0":{"loc":{"start":{"line":8,"column":2},"end":{"line":12,"column":3}},"type":"if","locations":[{"start":{"line":8,"column":2},"end":{"line":12,"column":3}},{"start":{},"end":{}}],"line":8},"1":{"loc":{"start":{"line":15,"column":8},"end":{"line":19,"column":9}},"type":"if","locations":[{"start":{"line":15,"column":8},"end":{"line":19,"column":9}},{"start":{},"end":{}}],"line":15}},"s":{"0":2,"1":2,"2":2,"3":2,"4":3,"5":3,"6":1,"7":2,"8":2,"9":2,"10":1,"11":1,"12":1,"13":2},"f":{"0":3,"1":2},"b":{"0":[1,2],"1":[1,1]},"_coverageSchema":"1a1c01bbd47fc00a2c39e90264f33305004495a9","hash":"b925c4d88b3c35596601acd38d8f0ab8c48596ba"}
}
