TN:
SF:controllers\authorController.js
FN:8,(anonymous_0)
FN:25,(anonymous_1)
FN:44,(anonymous_2)
FN:68,(anonymous_3)
FN:93,(anonymous_4)
FNF:5
FNH:5
FNDA:1,(anonymous_0)
FNDA:3,(anonymous_1)
FNDA:1,(anonymous_2)
FNDA:1,(anonymous_3)
FNDA:1,(anonymous_4)
DA:1,2
DA:2,2
DA:5,2
DA:8,2
DA:9,1
DA:10,1
DA:12,1
DA:13,0
DA:18,1
DA:20,0
DA:25,2
DA:26,3
DA:27,3
DA:31,3
DA:32,3
DA:35,0
DA:37,0
DA:44,2
DA:45,1
DA:47,1
DA:55,0
DA:58,1
DA:68,2
DA:69,1
DA:70,1
DA:73,1
DA:82,1
DA:84,0
DA:85,0
DA:88,0
DA:93,2
DA:94,1
DA:95,1
DA:98,1
DA:103,1
DA:105,0
DA:106,0
DA:109,0
LF:38
LH:27
BRDA:12,0,0,0
BRDA:12,0,1,1
BRDA:31,1,0,3
BRDA:31,1,1,0
BRDA:84,2,0,0
BRDA:84,2,1,0
BRDA:105,3,0,0
BRDA:105,3,1,0
BRF:8
BRH:2
end_of_record
TN:
SF:controllers\quoteController.js
FN:9,(anonymous_0)
FN:26,(anonymous_1)
FN:45,(anonymous_2)
FN:90,(anonymous_3)
FN:143,(anonymous_4)
FNF:5
FNH:5
FNDA:1,(anonymous_0)
FNDA:1,(anonymous_1)
FNDA:1,(anonymous_2)
FNDA:1,(anonymous_3)
FNDA:1,(anonymous_4)
DA:1,2
DA:3,2
DA:5,2
DA:9,2
DA:10,1
DA:11,1
DA:13,1
DA:14,0
DA:19,1
DA:21,0
DA:26,2
DA:27,1
DA:28,1
DA:32,1
DA:33,1
DA:36,0
DA:38,0
DA:45,2
DA:46,1
DA:47,1
DA:50,1
DA:51,0
DA:55,1
DA:58,1
DA:68,1
DA:74,1
DA:77,0
DA:78,0
DA:90,2
DA:91,1
DA:92,1
DA:93,1
DA:96,1
DA:99,1
DA:100,1
DA:102,0
DA:105,1
DA:107,0
DA:116,1
DA:130,1
DA:132,0
DA:133,0
DA:143,2
DA:144,1
DA:145,1
DA:148,1
DA:153,1
DA:156,0
LF:48
LH:36
BRDA:13,0,0,0
BRDA:13,0,1,1
BRDA:32,1,0,1
BRDA:32,1,1,0
BRDA:50,2,0,0
BRDA:50,2,1,1
BRDA:50,3,0,1
BRDA:50,3,1,1
BRDA:50,3,2,1
BRDA:50,3,3,0
BRDA:55,4,0,0
BRDA:55,4,1,1
BRDA:62,5,0,0
BRDA:62,5,1,1
BRDA:100,6,0,0
BRDA:100,6,1,1
BRDA:105,7,0,0
BRDA:105,7,1,1
BRDA:105,8,0,1
BRDA:105,8,1,0
BRDA:122,9,0,0
BRDA:122,9,1,1
BRF:22
BRH:12
end_of_record
TN:
SF:controllers\userController.js
FN:8,(anonymous_0)
FN:19,(anonymous_1)
FN:51,(anonymous_2)
FNF:3
FNH:0
FNDA:0,(anonymous_0)
FNDA:0,(anonymous_1)
FNDA:0,(anonymous_2)
DA:1,2
DA:2,2
DA:3,2
DA:4,2
DA:5,2
DA:6,2
DA:8,2
DA:9,0
DA:10,0
DA:11,0
DA:13,0
DA:19,2
DA:20,0
DA:21,0
DA:23,0
DA:31,0
DA:32,0
DA:33,0
DA:35,0
DA:36,0
DA:39,0
DA:40,0
DA:43,0
DA:46,0
DA:51,2
DA:52,0
DA:53,0
DA:54,0
DA:56,0
DA:57,0
DA:64,0
DA:75,0
DA:80,0
DA:87,2
LF:34
LH:10
BRDA:31,0,0,0
BRDA:31,0,1,0
BRDA:32,1,0,0
BRDA:32,1,1,0
BRDA:35,2,0,0
BRDA:35,2,1,0
BRDA:56,3,0,0
BRDA:56,3,1,0
BRDA:56,4,0,0
BRDA:56,4,1,0
BRF:10
BRH:0
end_of_record
TN:
SF:routes\authorRoutes.js
FNF:0
FNH:0
DA:1,2
DA:8,2
DA:10,2
DA:13,2
DA:16,2
DA:19,2
DA:22,2
DA:25,2
DA:27,2
LF:9
LH:9
BRF:0
BRH:0
end_of_record
TN:
SF:routes\quoteRoutes.js
FNF:0
FNH:0
DA:1,2
DA:8,2
DA:9,2
DA:12,2
DA:15,2
DA:18,2
DA:21,2
DA:24,2
DA:26,2
LF:9
LH:9
BRF:0
BRH:0
end_of_record
TN:
SF:routes\usersRouter.js
FNF:0
FNH:0
DA:2,2
DA:3,2
DA:4,2
DA:5,2
DA:9,2
DA:10,2
DA:11,2
DA:13,2
LF:8
LH:8
BRF:0
BRH:0
end_of_record
TN:
SF:utils\joiQuoteValidator.js
FN:1,(anonymous_0)
FN:2,(anonymous_1)
FNF:2
FNH:2
FNDA:2,(anonymous_0)
FNDA:2,(anonymous_1)
DA:1,1
DA:2,2
DA:3,2
DA:5,2
DA:6,1
DA:9,1
DA:10,1
DA:14,1
LF:8
LH:8
BRDA:5,0,0,1
BRDA:5,0,1,1
BRF:2
BRH:2
end_of_record
TN:
SF:utils\joiSchema.js
FNF:0
FNH:0
DA:1,1
DA:3,1
DA:16,1
DA:21,1
LF:4
LH:4
BRF:0
BRH:0
end_of_record
TN:
SF:utils\tokenValidator.js
FN:5,(anonymous_0)
FN:14,(anonymous_1)
FNF:2
FNH:2
FNDA:3,(anonymous_0)
FNDA:2,(anonymous_1)
DA:1,3
DA:2,3
DA:3,3
DA:5,3
DA:6,3
DA:8,3
DA:9,1
DA:13,2
DA:14,2
DA:15,2
DA:16,1
DA:20,1
DA:21,1
DA:25,3
LF:14
LH:14
BRDA:8,0,0,1
BRDA:8,0,1,2
BRDA:15,1,0,1
BRDA:15,1,1,1
BRF:4
BRH:4
end_of_record
