TN:
SF:controllers\authorController.js
FN:8,(anonymous_0)
FN:25,(anonymous_1)
FN:44,(anonymous_2)
FN:68,(anonymous_3)
FN:93,(anonymous_4)
FNF:5
FNH:0
FNDA:0,(anonymous_0)
FNDA:0,(anonymous_1)
FNDA:0,(anonymous_2)
FNDA:0,(anonymous_3)
FNDA:0,(anonymous_4)
DA:1,0
DA:2,0
DA:5,0
DA:8,0
DA:9,0
DA:10,0
DA:12,0
DA:13,0
DA:18,0
DA:20,0
DA:25,0
DA:26,0
DA:27,0
DA:31,0
DA:32,0
DA:35,0
DA:37,0
DA:44,0
DA:45,0
DA:47,0
DA:55,0
DA:58,0
DA:68,0
DA:69,0
DA:70,0
DA:73,0
DA:82,0
DA:84,0
DA:85,0
DA:88,0
DA:93,0
DA:94,0
DA:95,0
DA:98,0
DA:103,0
DA:105,0
DA:106,0
DA:109,0
LF:38
LH:0
BRDA:12,0,0,0
BRDA:12,0,1,0
BRDA:31,1,0,0
BRDA:31,1,1,0
BRDA:84,2,0,0
BRDA:84,2,1,0
BRDA:105,3,0,0
BRDA:105,3,1,0
BRF:8
BRH:0
end_of_record
TN:
SF:controllers\quoteController.js
FN:9,(anonymous_0)
FN:26,(anonymous_1)
FN:45,(anonymous_2)
FN:90,(anonymous_3)
FN:143,(anonymous_4)
FNF:5
FNH:0
FNDA:0,(anonymous_0)
FNDA:0,(anonymous_1)
FNDA:0,(anonymous_2)
FNDA:0,(anonymous_3)
FNDA:0,(anonymous_4)
DA:1,0
DA:3,0
DA:5,0
DA:9,0
DA:10,0
DA:11,0
DA:13,0
DA:14,0
DA:19,0
DA:21,0
DA:26,0
DA:27,0
DA:28,0
DA:32,0
DA:33,0
DA:36,0
DA:38,0
DA:45,0
DA:46,0
DA:47,0
DA:50,0
DA:51,0
DA:55,0
DA:58,0
DA:68,0
DA:74,0
DA:77,0
DA:78,0
DA:90,0
DA:91,0
DA:92,0
DA:93,0
DA:96,0
DA:99,0
DA:100,0
DA:102,0
DA:105,0
DA:107,0
DA:116,0
DA:130,0
DA:132,0
DA:133,0
DA:143,0
DA:144,0
DA:145,0
DA:148,0
DA:153,0
DA:156,0
LF:48
LH:0
BRDA:13,0,0,0
BRDA:13,0,1,0
BRDA:32,1,0,0
BRDA:32,1,1,0
BRDA:50,2,0,0
BRDA:50,2,1,0
BRDA:50,3,0,0
BRDA:50,3,1,0
BRDA:50,3,2,0
BRDA:50,3,3,0
BRDA:55,4,0,0
BRDA:55,4,1,0
BRDA:62,5,0,0
BRDA:62,5,1,0
BRDA:100,6,0,0
BRDA:100,6,1,0
BRDA:105,7,0,0
BRDA:105,7,1,0
BRDA:105,8,0,0
BRDA:105,8,1,0
BRDA:122,9,0,0
BRDA:122,9,1,0
BRF:22
BRH:0
end_of_record
TN:
SF:controllers\userController.js
FN:8,(anonymous_0)
FN:19,(anonymous_1)
FN:51,(anonymous_2)
FNF:3
FNH:0
FNDA:0,(anonymous_0)
FNDA:0,(anonymous_1)
FNDA:0,(anonymous_2)
DA:1,0
DA:2,0
DA:3,0
DA:4,0
DA:5,0
DA:6,0
DA:8,0
DA:9,0
DA:10,0
DA:11,0
DA:13,0
DA:19,0
DA:20,0
DA:21,0
DA:23,0
DA:31,0
DA:32,0
DA:33,0
DA:35,0
DA:36,0
DA:39,0
DA:40,0
DA:43,0
DA:46,0
DA:51,0
DA:52,0
DA:53,0
DA:54,0
DA:56,0
DA:57,0
DA:64,0
DA:75,0
DA:80,0
DA:87,0
LF:34
LH:0
BRDA:31,0,0,0
BRDA:31,0,1,0
BRDA:32,1,0,0
BRDA:32,1,1,0
BRDA:35,2,0,0
BRDA:35,2,1,0
BRDA:56,3,0,0
BRDA:56,3,1,0
BRDA:56,4,0,0
BRDA:56,4,1,0
BRF:10
BRH:0
end_of_record
TN:
SF:routes\authorRoutes.js
FNF:0
FNH:0
DA:1,0
DA:8,0
DA:10,0
DA:13,0
DA:16,0
DA:19,0
DA:22,0
DA:25,0
DA:27,0
LF:9
LH:0
BRF:0
BRH:0
end_of_record
TN:
SF:routes\quoteRoutes.js
FNF:0
FNH:0
DA:1,0
DA:8,0
DA:9,0
DA:12,0
DA:15,0
DA:18,0
DA:21,0
DA:24,0
DA:26,0
LF:9
LH:0
BRF:0
BRH:0
end_of_record
TN:
SF:routes\usersRouter.js
FNF:0
FNH:0
DA:2,0
DA:3,0
DA:4,0
DA:5,0
DA:9,0
DA:10,0
DA:11,0
DA:13,0
LF:8
LH:0
BRF:0
BRH:0
end_of_record
TN:
SF:utils\joiQuoteValidator.js
FN:1,(anonymous_0)
FN:2,(anonymous_1)
FNF:2
FNH:2
FNDA:2,(anonymous_0)
FNDA:2,(anonymous_1)
DA:1,1
DA:2,2
DA:3,2
DA:5,2
DA:6,1
DA:9,1
DA:10,1
DA:14,1
LF:8
LH:8
BRDA:5,0,0,1
BRDA:5,0,1,1
BRF:2
BRH:2
end_of_record
TN:
SF:utils\joiSchema.js
FNF:0
FNH:0
DA:1,1
DA:3,1
DA:16,1
DA:21,1
LF:4
LH:4
BRF:0
BRH:0
end_of_record
TN:
SF:utils\tokenValidator.js
FN:5,(anonymous_0)
FN:14,(anonymous_1)
FNF:2
FNH:2
FNDA:3,(anonymous_0)
FNDA:2,(anonymous_1)
DA:1,1
DA:2,1
DA:3,1
DA:5,1
DA:6,3
DA:8,3
DA:9,1
DA:13,2
DA:14,2
DA:15,2
DA:16,1
DA:20,1
DA:21,1
DA:25,1
LF:14
LH:14
BRDA:8,0,0,1
BRDA:8,0,1,2
BRDA:15,1,0,1
BRDA:15,1,1,1
BRF:4
BRH:4
end_of_record
